SF:lib\entities\juros_input.dart
DA:6,1
LF:1
LH:1
end_of_record
SF:lib\states\juros_state.dart
DA:20,1
DA:28,1
DA:35,0
DA:37,1
DA:39,6
DA:41,1
DA:48,1
DA:49,1
DA:50,1
DA:51,1
DA:52,1
DA:53,1
LF:12
LH:11
end_of_record
SF:lib\controllers\juros_controller.dart
DA:11,1
DA:13,1
DA:14,2
DA:15,2
DA:16,2
DA:17,3
DA:18,3
DA:19,0
DA:20,3
DA:21,0
DA:22,2
DA:23,3
DA:24,2
DA:26,3
DA:27,1
DA:30,3
DA:36,1
DA:37,2
DA:38,2
DA:39,2
DA:40,3
DA:41,0
DA:42,2
DA:43,3
DA:44,2
DA:45,0
DA:46,4
DA:47,2
DA:49,4
DA:51,3
DA:57,1
DA:58,3
DA:61,1
DA:62,3
LF:34
LH:30
end_of_record
SF:lib\entities\resultado_calculo.dart
DA:5,1
LF:1
LH:1
end_of_record
